  Bus.cpp
  BusCompany.cpp
c:\users\gal.bachar\documents\bagit\finalprojobjectoriented\finalprojobjectoriented\buscompany.cpp(26): warning C4267: 'return': conversion from 'size_t' to 'int', possible loss of data
  Business.cpp
  Car.cpp
  CarCompany.cpp
  createClientDLG.cpp
  createLoadDLG.cpp
  TransportCompany.cpp
c:\users\gal.bachar\documents\bagit\finalprojobjectoriented\finalprojobjectoriented\transportcompany.cpp(48): warning C4244: 'return': conversion from 'const double' to 'int', possible loss of data
  FinalProjObjectOriented.cpp
  FinalProjObjectOrientedDlg.cpp
c:\users\gal.bachar\documents\bagit\finalprojobjectoriented\finalprojobjectoriented\finalprojobjectorienteddlg.cpp(467): warning C4101: 'r': unreferenced local variable
c:\users\gal.bachar\documents\bagit\finalprojobjectoriented\finalprojobjectoriented\finalprojobjectorienteddlg.cpp(580): warning C4002: too many arguments for function-like macro invocation '_T'
  FlyCompany.cpp
c:\users\gal.bachar\documents\bagit\finalprojobjectoriented\finalprojobjectoriented\flycompany.cpp(25): warning C4267: 'return': conversion from 'size_t' to 'int', possible loss of data
c:\users\gal.bachar\documents\bagit\finalprojobjectoriented\finalprojobjectoriented\flycompany.cpp(30): warning C4267: 'return': conversion from 'size_t' to 'int', possible loss of data
  Instrument.cpp
  Plane.cpp
  Scooter.cpp
  ScooterCompany.cpp
  Train.cpp
  TrainCompany.cpp
c:\users\gal.bachar\documents\bagit\finalprojobjectoriented\finalprojobjectoriented\traincompany.cpp(15): warning C4267: 'return': conversion from 'size_t' to 'int', possible loss of data
  Travel.cpp
  Generating code
  21 of 1054 functions ( 2.0%) were compiled, the rest were copied from previous compilation.
    6 functions were new in current compilation
    15 functions had inline decision re-evaluated but remain unchanged
  Finished generating code
  FinalProjObjectOriented.vcxproj -> C:\Users\gal.bachar\Documents\BAgit\FinalProjObjectOriented\x64\Release\FinalProjObjectOriented.exe
