  BusCompany.cpp
c:\users\shaha\source\repos2017\final_proj_newverstion\finalprojobjectoriented\finalprojobjectoriented\buscompany.cpp(26): warning C4267: 'return': conversion from 'size_t' to 'int', possible loss of data
  CarCompany.cpp
  FinalProjObjectOriented.cpp
  FinalProjObjectOrientedDlg.cpp
c:\users\shaha\source\repos2017\final_proj_newverstion\finalprojobjectoriented\finalprojobjectoriented\finalprojobjectorienteddlg.cpp(467): warning C4101: 'r': unreferenced local variable
c:\users\shaha\source\repos2017\final_proj_newverstion\finalprojobjectoriented\finalprojobjectoriented\finalprojobjectorienteddlg.cpp(553): warning C4002: too many arguments for function-like macro invocation '_T'
c:\users\shaha\source\repos2017\final_proj_newverstion\finalprojobjectoriented\finalprojobjectoriented\finalprojobjectorienteddlg.cpp(584): warning C4002: too many arguments for function-like macro invocation '_T'
c:\users\shaha\source\repos2017\final_proj_newverstion\finalprojobjectoriented\finalprojobjectoriented\finalprojobjectorienteddlg.cpp(612): warning C4002: too many arguments for function-like macro invocation '_T'
c:\users\shaha\source\repos2017\final_proj_newverstion\finalprojobjectoriented\finalprojobjectoriented\finalprojobjectorienteddlg.cpp(641): warning C4002: too many arguments for function-like macro invocation '_T'
  FlyCompany.cpp
c:\users\shaha\source\repos2017\final_proj_newverstion\finalprojobjectoriented\finalprojobjectoriented\flycompany.cpp(25): warning C4267: 'return': conversion from 'size_t' to 'int', possible loss of data
c:\users\shaha\source\repos2017\final_proj_newverstion\finalprojobjectoriented\finalprojobjectoriented\flycompany.cpp(30): warning C4267: 'return': conversion from 'size_t' to 'int', possible loss of data
  ScooterCompany.cpp
  TrainCompany.cpp
c:\users\shaha\source\repos2017\final_proj_newverstion\finalprojobjectoriented\finalprojobjectoriented\traincompany.cpp(15): warning C4267: 'return': conversion from 'size_t' to 'int', possible loss of data
  TransportCompany.cpp
c:\users\shaha\source\repos2017\final_proj_newverstion\finalprojobjectoriented\finalprojobjectoriented\transportcompany.cpp(48): warning C4244: 'return': conversion from 'const double' to 'int', possible loss of data
  createClientDLG.cpp
  createLoadDLG.cpp
  Generating Code...
  LINK : C:\Users\shaha\source\repos2017\Final_Proj_newVerstion\FinalProjObjectOriented\x64\Debug\FinalProjObjectOriented.exe not found or not built by the last incremental link; performing full link
  FinalProjObjectOriented.vcxproj -> C:\Users\shaha\source\repos2017\Final_Proj_newVerstion\FinalProjObjectOriented\x64\Debug\FinalProjObjectOriented.exe
