c:\users\shaha\source\repos2017\final_proj_newverstion\finalprojobjectoriented\finalprojobjectoriented\x64\debug\finalprojobjectoriented.pch
c:\users\shaha\source\repos2017\final_proj_newverstion\finalprojobjectoriented\finalprojobjectoriented\x64\debug\vc141.pdb
c:\users\shaha\source\repos2017\final_proj_newverstion\finalprojobjectoriented\finalprojobjectoriented\x64\debug\vc141.idb
c:\users\shaha\source\repos2017\final_proj_newverstion\finalprojobjectoriented\finalprojobjectoriented\x64\debug\pch.obj
c:\users\shaha\source\repos2017\final_proj_newverstion\finalprojobjectoriented\finalprojobjectoriented\x64\debug\travel.obj
c:\users\shaha\source\repos2017\final_proj_newverstion\finalprojobjectoriented\finalprojobjectoriented\x64\debug\traincompany.obj
c:\users\shaha\source\repos2017\final_proj_newverstion\finalprojobjectoriented\finalprojobjectoriented\x64\debug\train.obj
c:\users\shaha\source\repos2017\final_proj_newverstion\finalprojobjectoriented\finalprojobjectoriented\x64\debug\scootercompany.obj
c:\users\shaha\source\repos2017\final_proj_newverstion\finalprojobjectoriented\finalprojobjectoriented\x64\debug\scooter.obj
c:\users\shaha\source\repos2017\final_proj_newverstion\finalprojobjectoriented\finalprojobjectoriented\x64\debug\plane.obj
c:\users\shaha\source\repos2017\final_proj_newverstion\finalprojobjectoriented\finalprojobjectoriented\x64\debug\location.obj
c:\users\shaha\source\repos2017\final_proj_newverstion\finalprojobjectoriented\finalprojobjectoriented\x64\debug\instrument.obj
c:\users\shaha\source\repos2017\final_proj_newverstion\finalprojobjectoriented\finalprojobjectoriented\x64\debug\flycompany.obj
c:\users\shaha\source\repos2017\final_proj_newverstion\finalprojobjectoriented\finalprojobjectoriented\x64\debug\finalprojobjectorienteddlg.obj
c:\users\shaha\source\repos2017\final_proj_newverstion\finalprojobjectoriented\finalprojobjectoriented\x64\debug\finalprojobjectoriented.obj
c:\users\shaha\source\repos2017\final_proj_newverstion\finalprojobjectoriented\finalprojobjectoriented\x64\debug\transportcompany.obj
c:\users\shaha\source\repos2017\final_proj_newverstion\finalprojobjectoriented\finalprojobjectoriented\x64\debug\createloaddlg.obj
c:\users\shaha\source\repos2017\final_proj_newverstion\finalprojobjectoriented\finalprojobjectoriented\x64\debug\createclientdlg.obj
c:\users\shaha\source\repos2017\final_proj_newverstion\finalprojobjectoriented\finalprojobjectoriented\x64\debug\client.obj
c:\users\shaha\source\repos2017\final_proj_newverstion\finalprojobjectoriented\finalprojobjectoriented\x64\debug\carcompany.obj
c:\users\shaha\source\repos2017\final_proj_newverstion\finalprojobjectoriented\finalprojobjectoriented\x64\debug\car.obj
c:\users\shaha\source\repos2017\final_proj_newverstion\finalprojobjectoriented\finalprojobjectoriented\x64\debug\business.obj
c:\users\shaha\source\repos2017\final_proj_newverstion\finalprojobjectoriented\finalprojobjectoriented\x64\debug\buscompany.obj
c:\users\shaha\source\repos2017\final_proj_newverstion\finalprojobjectoriented\finalprojobjectoriented\x64\debug\bus.obj
c:\users\shaha\source\repos2017\final_proj_newverstion\finalprojobjectoriented\x64\debug\finalprojobjectoriented.exe
c:\users\shaha\source\repos2017\final_proj_newverstion\finalprojobjectoriented\x64\debug\finalprojobjectoriented.ilk
c:\users\shaha\source\repos2017\final_proj_newverstion\finalprojobjectoriented\x64\debug\finalprojobjectoriented.pdb
c:\users\shaha\source\repos2017\final_proj_newverstion\finalprojobjectoriented\finalprojobjectoriented\x64\debug\finalprojobjectoriented.res
c:\users\shaha\source\repos2017\final_proj_newverstion\finalprojobjectoriented\finalprojobjectoriented\x64\debug\finalpro.22c40ba9.tlog\cl.command.1.tlog
c:\users\shaha\source\repos2017\final_proj_newverstion\finalprojobjectoriented\finalprojobjectoriented\x64\debug\finalpro.22c40ba9.tlog\cl.read.1.tlog
c:\users\shaha\source\repos2017\final_proj_newverstion\finalprojobjectoriented\finalprojobjectoriented\x64\debug\finalpro.22c40ba9.tlog\cl.write.1.tlog
c:\users\shaha\source\repos2017\final_proj_newverstion\finalprojobjectoriented\finalprojobjectoriented\x64\debug\finalpro.22c40ba9.tlog\link.command.1.tlog
c:\users\shaha\source\repos2017\final_proj_newverstion\finalprojobjectoriented\finalprojobjectoriented\x64\debug\finalpro.22c40ba9.tlog\link.read.1.tlog
c:\users\shaha\source\repos2017\final_proj_newverstion\finalprojobjectoriented\finalprojobjectoriented\x64\debug\finalpro.22c40ba9.tlog\link.write.1.tlog
c:\users\shaha\source\repos2017\final_proj_newverstion\finalprojobjectoriented\finalprojobjectoriented\x64\debug\finalpro.22c40ba9.tlog\rc.command.1.tlog
c:\users\shaha\source\repos2017\final_proj_newverstion\finalprojobjectoriented\finalprojobjectoriented\x64\debug\finalpro.22c40ba9.tlog\rc.read.1.tlog
c:\users\shaha\source\repos2017\final_proj_newverstion\finalprojobjectoriented\finalprojobjectoriented\x64\debug\finalpro.22c40ba9.tlog\rc.write.1.tlog
